<?xml version="1.0" encoding="UTF-8"?>
<!-- Generated by org.testng.reporters.JUnitReportReporter -->
<testsuite skipped="0" hostname="CHAITU-VAIO" name="com.inetbanking.testCases.TC_LoginDDT_002" tests="5" failures="0" timestamp="14 Jun 2019 12:34:02 GMT" time="51.575" errors="0">
  <testcase name="loginDDT" time="14.177" classname="com.inetbanking.testCases.TC_LoginDDT_002"/>
  <testcase name="loginDDT" time="5.670" classname="com.inetbanking.testCases.TC_LoginDDT_002"/>
  <testcase name="loginDDT" time="5.173" classname="com.inetbanking.testCases.TC_LoginDDT_002"/>
  <testcase name="loginDDT" time="6.136" classname="com.inetbanking.testCases.TC_LoginDDT_002"/>
  <testcase name="loginDDT" time="20.419" classname="com.inetbanking.testCases.TC_LoginDDT_002"/>
</testsuite> <!-- com.inetbanking.testCases.TC_LoginDDT_002 -->
