<?xml version="1.0" encoding="UTF-8"?>
<!-- Generated by org.testng.reporters.JUnitReportReporter -->
<testsuite skipped="0" hostname="CHAITU-VAIO" name="com.inetbanking.testCases.TC_LoginTest_001" tests="1" failures="0" timestamp="11 Jun 2019 18:00:42 GMT" time="2.329" errors="0">
  <testcase name="loginTest" time="2.329" classname="com.inetbanking.testCases.TC_LoginTest_001"/>
</testsuite> <!-- com.inetbanking.testCases.TC_LoginTest_001 -->
