<?xml version="1.0" encoding="UTF-8"?>
<!-- Generated by org.testng.reporters.JUnitReportReporter -->
<testsuite skipped="0" hostname="CHAITU-VAIO" name="com.inetbanking.testCases.TC_AddCustomerTest_003" tests="1" failures="0" timestamp="28 May 2019 06:48:53 GMT" time="16.308" errors="0">
  <testcase name="addNewCustomer" time="16.308" classname="com.inetbanking.testCases.TC_AddCustomerTest_003"/>
</testsuite> <!-- com.inetbanking.testCases.TC_AddCustomerTest_003 -->
